This is XeTeX, Version 3.141592653-2.6-0.999995 (MiKTeX 24.1) (preloaded format=xelatex 2025.6.30)  30 JUN 2025 21:03
entering extended mode
 restricted \write18 enabled.
 %&-line parsing enabled.
**./book.tex
(book.tex
LaTeX2e <2023-11-01> patch level 1
L3 programming layer <2024-01-04>
(jupyterBook.cls
Document Class: jupyterBook 2020/11/06
(C:\Users\shekh\AppData\Local\Programs\MiKTeX\tex/latex/xcolor\xcolor.sty
Package: xcolor 2023/11/15 v3.01 LaTeX color extensions (UK)

(C:\Users\shekh\AppData\Local\Programs\MiKTeX\tex/latex/graphics-cfg\color.cfg
File: color.cfg 2016/01/02 v1.6 sample color configuration
)
Package xcolor Info: Driver file: xetex.def on input line 274.
(C:\Users\shekh\AppData\Local\Programs\MiKTeX\tex/latex/graphics-def\xetex.def
File: xetex.def 2022/09/22 v5.0n Graphics/color driver for xetex
) (C:\Users\shekh\AppData\Local\Programs\MiKTeX\tex/latex/graphics\mathcolor.lt
x)
Package xcolor Info: Model `cmy' substituted by `cmy0' on input line 1350.
Package xcolor Info: Model `RGB' extended on input line 1366.
Package xcolor Info: Model `HTML' substituted by `rgb' on input line 1368.
Package xcolor Info: Model `Hsb' substituted by `hsb' on input line 1369.
Package xcolor Info: Model `tHsb' substituted by `hsb' on input line 1370.
Package xcolor Info: Model `HSB' substituted by `hsb' on input line 1371.
Package xcolor Info: Model `Gray' substituted by `gray' on input line 1372.
Package xcolor Info: Model `wave' substituted by `hsb' on input line 1373.
) (C:\Users\shekh\AppData\Local\Programs\MiKTeX\tex/latex/base\inputenc.sty
Package: inputenc 2021/02/14 v1.3d Input encoding file
\inpenc@prehook=\toks17
\inpenc@posthook=\toks18


Package inputenc Warning: inputenc package ignored with utf8 based engines.

) (C:\Users\shekh\AppData\Local\Programs\MiKTeX\tex/latex/graphics\graphicx.sty
Package: graphicx 2021/09/16 v1.2d Enhanced LaTeX Graphics (DPC,SPQR)
(C:\Users\shekh\AppData\Local\Programs\MiKTeX\tex/latex/graphics\keyval.sty
Package: keyval 2022/05/29 v1.15 key=value parser (DPC)
\KV@toks@=\toks19
)
(C:\Users\shekh\AppData\Local\Programs\MiKTeX\tex/latex/graphics\graphics.sty
Package: graphics 2022/03/10 v1.4e Standard LaTeX Graphics (DPC,SPQR)

(C:\Users\shekh\AppData\Local\Programs\MiKTeX\tex/latex/graphics\trig.sty
Package: trig 2021/08/11 v1.11 sin cos tan (DPC)
)
(C:\Users\shekh\AppData\Local\Programs\MiKTeX\tex/latex/graphics-cfg\graphics.c
fg
File: graphics.cfg 2016/06/04 v1.11 sample graphics configuration
)
Package graphics Info: Driver file: xetex.def on input line 107.
)
\Gin@req@height=\dimen140
\Gin@req@width=\dimen141
)
(C:\Users\shekh\AppData\Local\Programs\MiKTeX\tex/latex/amsmath\amsmath.sty
Package: amsmath 2023/05/13 v2.17o AMS math features
\@mathmargin=\skip48

For additional information on amsmath, use the `?' option.
(C:\Users\shekh\AppData\Local\Programs\MiKTeX\tex/latex/amsmath\amstext.sty
Package: amstext 2021/08/26 v2.01 AMS text

(C:\Users\shekh\AppData\Local\Programs\MiKTeX\tex/latex/amsmath\amsgen.sty
File: amsgen.sty 1999/11/30 v2.0 generic functions
\@emptytoks=\toks20
\ex@=\dimen142
))
(C:\Users\shekh\AppData\Local\Programs\MiKTeX\tex/latex/amsmath\amsbsy.sty
Package: amsbsy 1999/11/29 v1.2d Bold Symbols
\pmbraise@=\dimen143
)
(C:\Users\shekh\AppData\Local\Programs\MiKTeX\tex/latex/amsmath\amsopn.sty
Package: amsopn 2022/04/08 v2.04 operator names
)
\inf@bad=\count183
LaTeX Info: Redefining \frac on input line 234.
\uproot@=\count184
\leftroot@=\count185
LaTeX Info: Redefining \overline on input line 399.
LaTeX Info: Redefining \colon on input line 410.
\classnum@=\count186
\DOTSCASE@=\count187
LaTeX Info: Redefining \ldots on input line 496.
LaTeX Info: Redefining \dots on input line 499.
LaTeX Info: Redefining \cdots on input line 620.
\Mathstrutbox@=\box51
\strutbox@=\box52
LaTeX Info: Redefining \big on input line 722.
LaTeX Info: Redefining \Big on input line 723.
LaTeX Info: Redefining \bigg on input line 724.
LaTeX Info: Redefining \Bigg on input line 725.
\big@size=\dimen144
LaTeX Font Info:    Redeclaring font encoding OML on input line 743.
LaTeX Font Info:    Redeclaring font encoding OMS on input line 744.
\macc@depth=\count188
LaTeX Info: Redefining \bmod on input line 905.
LaTeX Info: Redefining \pmod on input line 910.
LaTeX Info: Redefining \smash on input line 940.
LaTeX Info: Redefining \relbar on input line 970.
LaTeX Info: Redefining \Relbar on input line 971.
\c@MaxMatrixCols=\count189
\dotsspace@=\muskip16
\c@parentequation=\count190
\dspbrk@lvl=\count191
\tag@help=\toks21
\row@=\count192
\column@=\count193
\maxfields@=\count194
\andhelp@=\toks22
\eqnshift@=\dimen145
\alignsep@=\dimen146
\tagshift@=\dimen147
\tagwidth@=\dimen148
\totwidth@=\dimen149
\lineht@=\dimen150
\@envbody=\toks23
\multlinegap=\skip49
\multlinetaggap=\skip50
\mathdisplay@stack=\toks24
LaTeX Info: Redefining \[ on input line 2953.
LaTeX Info: Redefining \] on input line 2954.
)
(C:\Users\shekh\AppData\Local\Programs\MiKTeX\tex/latex/amsfonts\amssymb.sty
Package: amssymb 2013/01/14 v3.01 AMS font symbols

(C:\Users\shekh\AppData\Local\Programs\MiKTeX\tex/latex/amsfonts\amsfonts.sty
Package: amsfonts 2013/01/14 v3.01 Basic AMSFonts support
\symAMSa=\mathgroup4
\symAMSb=\mathgroup5
LaTeX Font Info:    Redeclaring math symbol \hbar on input line 98.
LaTeX Font Info:    Overwriting math alphabet `\mathfrak' in version `bold'
(Font)                  U/euf/m/n --> U/euf/b/n on input line 106.
)) (C:\Users\shekh\AppData\Local\Programs\MiKTeX\tex/latex/amsmath\amscd.sty
Package: amscd 2017/04/14 v2.1 AMS Commutative Diagrams
\athelp@=\toks25
\minaw@=\dimen151
\bigaw@=\dimen152
\minCDarrowwidth=\dimen153
)
(C:\Users\shekh\AppData\Local\Programs\MiKTeX\tex/latex/jknappen\mathrsfs.sty
Package: mathrsfs 1996/01/01 Math RSFS package v1.0 (jk)
\symrsfs=\mathgroup6
)
(C:\Users\shekh\AppData\Local\Programs\MiKTeX\tex/latex/pgf/frontendlayer\tikz.
sty
(C:\Users\shekh\AppData\Local\Programs\MiKTeX\tex/latex/pgf/basiclayer\pgf.sty
(C:\Users\shekh\AppData\Local\Programs\MiKTeX\tex/latex/pgf/utilities\pgfrcs.st
y
(C:\Users\shekh\AppData\Local\Programs\MiKTeX\tex/generic/pgf/utilities\pgfutil
-common.tex
\pgfutil@everybye=\toks26
\pgfutil@tempdima=\dimen154
\pgfutil@tempdimb=\dimen155
)
(C:\Users\shekh\AppData\Local\Programs\MiKTeX\tex/generic/pgf/utilities\pgfutil
-latex.def
\pgfutil@abb=\box53
)
(C:\Users\shekh\AppData\Local\Programs\MiKTeX\tex/generic/pgf/utilities\pgfrcs.
code.tex
(C:\Users\shekh\AppData\Local\Programs\MiKTeX\tex/generic/pgf\pgf.revision.tex)
Package: pgfrcs 2023-01-15 v3.1.10 (3.1.10)
))
Package: pgf 2023-01-15 v3.1.10 (3.1.10)

(C:\Users\shekh\AppData\Local\Programs\MiKTeX\tex/latex/pgf/basiclayer\pgfcore.
sty
(C:\Users\shekh\AppData\Local\Programs\MiKTeX\tex/latex/pgf/systemlayer\pgfsys.
sty
(C:\Users\shekh\AppData\Local\Programs\MiKTeX\tex/generic/pgf/systemlayer\pgfsy
s.code.tex
Package: pgfsys 2023-01-15 v3.1.10 (3.1.10)

(C:\Users\shekh\AppData\Local\Programs\MiKTeX\tex/generic/pgf/utilities\pgfkeys
.code.tex
\pgfkeys@pathtoks=\toks27
\pgfkeys@temptoks=\toks28

(C:\Users\shekh\AppData\Local\Programs\MiKTeX\tex/generic/pgf/utilities\pgfkeys
libraryfiltered.code.tex
\pgfkeys@tmptoks=\toks29
))
\pgf@x=\dimen156
\pgf@y=\dimen157
\pgf@xa=\dimen158
\pgf@ya=\dimen159
\pgf@xb=\dimen160
\pgf@yb=\dimen161
\pgf@xc=\dimen162
\pgf@yc=\dimen163
\pgf@xd=\dimen164
\pgf@yd=\dimen165
\w@pgf@writea=\write3
\r@pgf@reada=\read2
\c@pgf@counta=\count195
\c@pgf@countb=\count196
\c@pgf@countc=\count197
\c@pgf@countd=\count198
\t@pgf@toka=\toks30
\t@pgf@tokb=\toks31
\t@pgf@tokc=\toks32
\pgf@sys@id@count=\count199

(C:\Users\shekh\AppData\Local\Programs\MiKTeX\tex/generic/pgf/systemlayer\pgf.c
fg
File: pgf.cfg 2023-01-15 v3.1.10 (3.1.10)
)
Driver file for pgf: pgfsys-xetex.def

(C:\Users\shekh\AppData\Local\Programs\MiKTeX\tex/generic/pgf/systemlayer\pgfsy
s-xetex.def
File: pgfsys-xetex.def 2023-01-15 v3.1.10 (3.1.10)

(C:\Users\shekh\AppData\Local\Programs\MiKTeX\tex/generic/pgf/systemlayer\pgfsy
s-dvipdfmx.def
File: pgfsys-dvipdfmx.def 2023-01-15 v3.1.10 (3.1.10)

(C:\Users\shekh\AppData\Local\Programs\MiKTeX\tex/generic/pgf/systemlayer\pgfsy
s-common-pdf.def
File: pgfsys-common-pdf.def 2023-01-15 v3.1.10 (3.1.10)
)
\pgfsys@objnum=\count266
)))
(C:\Users\shekh\AppData\Local\Programs\MiKTeX\tex/generic/pgf/systemlayer\pgfsy
ssoftpath.code.tex
File: pgfsyssoftpath.code.tex 2023-01-15 v3.1.10 (3.1.10)
\pgfsyssoftpath@smallbuffer@items=\count267
\pgfsyssoftpath@bigbuffer@items=\count268
)
(C:\Users\shekh\AppData\Local\Programs\MiKTeX\tex/generic/pgf/systemlayer\pgfsy
sprotocol.code.tex
File: pgfsysprotocol.code.tex 2023-01-15 v3.1.10 (3.1.10)
))
(C:\Users\shekh\AppData\Local\Programs\MiKTeX\tex/generic/pgf/basiclayer\pgfcor
e.code.tex
Package: pgfcore 2023-01-15 v3.1.10 (3.1.10)

(C:\Users\shekh\AppData\Local\Programs\MiKTeX\tex/generic/pgf/math\pgfmath.code
.tex
(C:\Users\shekh\AppData\Local\Programs\MiKTeX\tex/generic/pgf/math\pgfmathutil.
code.tex)
(C:\Users\shekh\AppData\Local\Programs\MiKTeX\tex/generic/pgf/math\pgfmathparse
r.code.tex
\pgfmath@dimen=\dimen166
\pgfmath@count=\count269
\pgfmath@box=\box54
\pgfmath@toks=\toks33
\pgfmath@stack@operand=\toks34
\pgfmath@stack@operation=\toks35
)
(C:\Users\shekh\AppData\Local\Programs\MiKTeX\tex/generic/pgf/math\pgfmathfunct
ions.code.tex)
(C:\Users\shekh\AppData\Local\Programs\MiKTeX\tex/generic/pgf/math\pgfmathfunct
ions.basic.code.tex)
(C:\Users\shekh\AppData\Local\Programs\MiKTeX\tex/generic/pgf/math\pgfmathfunct
ions.trigonometric.code.tex)
(C:\Users\shekh\AppData\Local\Programs\MiKTeX\tex/generic/pgf/math\pgfmathfunct
ions.random.code.tex)
(C:\Users\shekh\AppData\Local\Programs\MiKTeX\tex/generic/pgf/math\pgfmathfunct
ions.comparison.code.tex)
(C:\Users\shekh\AppData\Local\Programs\MiKTeX\tex/generic/pgf/math\pgfmathfunct
ions.base.code.tex)
(C:\Users\shekh\AppData\Local\Programs\MiKTeX\tex/generic/pgf/math\pgfmathfunct
ions.round.code.tex)
(C:\Users\shekh\AppData\Local\Programs\MiKTeX\tex/generic/pgf/math\pgfmathfunct
ions.misc.code.tex)
(C:\Users\shekh\AppData\Local\Programs\MiKTeX\tex/generic/pgf/math\pgfmathfunct
ions.integerarithmetics.code.tex)
(C:\Users\shekh\AppData\Local\Programs\MiKTeX\tex/generic/pgf/math\pgfmathcalc.
code.tex)
(C:\Users\shekh\AppData\Local\Programs\MiKTeX\tex/generic/pgf/math\pgfmathfloat
.code.tex
\c@pgfmathroundto@lastzeros=\count270
))
(C:\Users\shekh\AppData\Local\Programs\MiKTeX\tex/generic/pgf/math\pgfint.code.
tex)
(C:\Users\shekh\AppData\Local\Programs\MiKTeX\tex/generic/pgf/basiclayer\pgfcor
epoints.code.tex
File: pgfcorepoints.code.tex 2023-01-15 v3.1.10 (3.1.10)
\pgf@picminx=\dimen167
\pgf@picmaxx=\dimen168
\pgf@picminy=\dimen169
\pgf@picmaxy=\dimen170
\pgf@pathminx=\dimen171
\pgf@pathmaxx=\dimen172
\pgf@pathminy=\dimen173
\pgf@pathmaxy=\dimen174
\pgf@xx=\dimen175
\pgf@xy=\dimen176
\pgf@yx=\dimen177
\pgf@yy=\dimen178
\pgf@zx=\dimen179
\pgf@zy=\dimen180
)
(C:\Users\shekh\AppData\Local\Programs\MiKTeX\tex/generic/pgf/basiclayer\pgfcor
epathconstruct.code.tex
File: pgfcorepathconstruct.code.tex 2023-01-15 v3.1.10 (3.1.10)
\pgf@path@lastx=\dimen181
\pgf@path@lasty=\dimen182
)
(C:\Users\shekh\AppData\Local\Programs\MiKTeX\tex/generic/pgf/basiclayer\pgfcor
epathusage.code.tex
File: pgfcorepathusage.code.tex 2023-01-15 v3.1.10 (3.1.10)
\pgf@shorten@end@additional=\dimen183
\pgf@shorten@start@additional=\dimen184
)
(C:\Users\shekh\AppData\Local\Programs\MiKTeX\tex/generic/pgf/basiclayer\pgfcor
escopes.code.tex
File: pgfcorescopes.code.tex 2023-01-15 v3.1.10 (3.1.10)
\pgfpic=\box55
\pgf@hbox=\box56
\pgf@layerbox@main=\box57
\pgf@picture@serial@count=\count271
)
(C:\Users\shekh\AppData\Local\Programs\MiKTeX\tex/generic/pgf/basiclayer\pgfcor
egraphicstate.code.tex
File: pgfcoregraphicstate.code.tex 2023-01-15 v3.1.10 (3.1.10)
\pgflinewidth=\dimen185
)
(C:\Users\shekh\AppData\Local\Programs\MiKTeX\tex/generic/pgf/basiclayer\pgfcor
etransformations.code.tex
File: pgfcoretransformations.code.tex 2023-01-15 v3.1.10 (3.1.10)
\pgf@pt@x=\dimen186
\pgf@pt@y=\dimen187
\pgf@pt@temp=\dimen188
)
(C:\Users\shekh\AppData\Local\Programs\MiKTeX\tex/generic/pgf/basiclayer\pgfcor
equick.code.tex
File: pgfcorequick.code.tex 2023-01-15 v3.1.10 (3.1.10)
)
(C:\Users\shekh\AppData\Local\Programs\MiKTeX\tex/generic/pgf/basiclayer\pgfcor
eobjects.code.tex
File: pgfcoreobjects.code.tex 2023-01-15 v3.1.10 (3.1.10)
)
(C:\Users\shekh\AppData\Local\Programs\MiKTeX\tex/generic/pgf/basiclayer\pgfcor
epathprocessing.code.tex
File: pgfcorepathprocessing.code.tex 2023-01-15 v3.1.10 (3.1.10)
)
(C:\Users\shekh\AppData\Local\Programs\MiKTeX\tex/generic/pgf/basiclayer\pgfcor
earrows.code.tex
File: pgfcorearrows.code.tex 2023-01-15 v3.1.10 (3.1.10)
\pgfarrowsep=\dimen189
)
(C:\Users\shekh\AppData\Local\Programs\MiKTeX\tex/generic/pgf/basiclayer\pgfcor
eshade.code.tex
File: pgfcoreshade.code.tex 2023-01-15 v3.1.10 (3.1.10)
\pgf@max=\dimen190
\pgf@sys@shading@range@num=\count272
\pgf@shadingcount=\count273
)
(C:\Users\shekh\AppData\Local\Programs\MiKTeX\tex/generic/pgf/basiclayer\pgfcor
eimage.code.tex
File: pgfcoreimage.code.tex 2023-01-15 v3.1.10 (3.1.10)
)
(C:\Users\shekh\AppData\Local\Programs\MiKTeX\tex/generic/pgf/basiclayer\pgfcor
eexternal.code.tex
File: pgfcoreexternal.code.tex 2023-01-15 v3.1.10 (3.1.10)
\pgfexternal@startupbox=\box58
)
(C:\Users\shekh\AppData\Local\Programs\MiKTeX\tex/generic/pgf/basiclayer\pgfcor
elayers.code.tex
File: pgfcorelayers.code.tex 2023-01-15 v3.1.10 (3.1.10)
)
(C:\Users\shekh\AppData\Local\Programs\MiKTeX\tex/generic/pgf/basiclayer\pgfcor
etransparency.code.tex
File: pgfcoretransparency.code.tex 2023-01-15 v3.1.10 (3.1.10)
)
(C:\Users\shekh\AppData\Local\Programs\MiKTeX\tex/generic/pgf/basiclayer\pgfcor
epatterns.code.tex
File: pgfcorepatterns.code.tex 2023-01-15 v3.1.10 (3.1.10)
)
(C:\Users\shekh\AppData\Local\Programs\MiKTeX\tex/generic/pgf/basiclayer\pgfcor
erdf.code.tex
File: pgfcorerdf.code.tex 2023-01-15 v3.1.10 (3.1.10)
)))
(C:\Users\shekh\AppData\Local\Programs\MiKTeX\tex/generic/pgf/modules\pgfmodule
shapes.code.tex
File: pgfmoduleshapes.code.tex 2023-01-15 v3.1.10 (3.1.10)
\pgfnodeparttextbox=\box59
)
(C:\Users\shekh\AppData\Local\Programs\MiKTeX\tex/generic/pgf/modules\pgfmodule
plot.code.tex
File: pgfmoduleplot.code.tex 2023-01-15 v3.1.10 (3.1.10)
)
(C:\Users\shekh\AppData\Local\Programs\MiKTeX\tex/latex/pgf/compatibility\pgfco
mp-version-0-65.sty
Package: pgfcomp-version-0-65 2023-01-15 v3.1.10 (3.1.10)
\pgf@nodesepstart=\dimen191
\pgf@nodesepend=\dimen192
)
(C:\Users\shekh\AppData\Local\Programs\MiKTeX\tex/latex/pgf/compatibility\pgfco
mp-version-1-18.sty
Package: pgfcomp-version-1-18 2023-01-15 v3.1.10 (3.1.10)
))
(C:\Users\shekh\AppData\Local\Programs\MiKTeX\tex/latex/pgf/utilities\pgffor.st
y
(C:\Users\shekh\AppData\Local\Programs\MiKTeX\tex/latex/pgf/utilities\pgfkeys.s
ty
(C:\Users\shekh\AppData\Local\Programs\MiKTeX\tex/generic/pgf/utilities\pgfkeys
.code.tex))
(C:\Users\shekh\AppData\Local\Programs\MiKTeX\tex/latex/pgf/math\pgfmath.sty
(C:\Users\shekh\AppData\Local\Programs\MiKTeX\tex/generic/pgf/math\pgfmath.code
.tex))
(C:\Users\shekh\AppData\Local\Programs\MiKTeX\tex/generic/pgf/utilities\pgffor.
code.tex
Package: pgffor 2023-01-15 v3.1.10 (3.1.10)
\pgffor@iter=\dimen193
\pgffor@skip=\dimen194
\pgffor@stack=\toks36
\pgffor@toks=\toks37
))
(C:\Users\shekh\AppData\Local\Programs\MiKTeX\tex/generic/pgf/frontendlayer/tik
z\tikz.code.tex
Package: tikz 2023-01-15 v3.1.10 (3.1.10)

(C:\Users\shekh\AppData\Local\Programs\MiKTeX\tex/generic/pgf/libraries\pgflibr
aryplothandlers.code.tex
File: pgflibraryplothandlers.code.tex 2023-01-15 v3.1.10 (3.1.10)
\pgf@plot@mark@count=\count274
\pgfplotmarksize=\dimen195
)
\tikz@lastx=\dimen196
\tikz@lasty=\dimen197
\tikz@lastxsaved=\dimen198
\tikz@lastysaved=\dimen199
\tikz@lastmovetox=\dimen256
\tikz@lastmovetoy=\dimen257
\tikzleveldistance=\dimen258
\tikzsiblingdistance=\dimen259
\tikz@figbox=\box60
\tikz@figbox@bg=\box61
\tikz@tempbox=\box62
\tikz@tempbox@bg=\box63
\tikztreelevel=\count275
\tikznumberofchildren=\count276
\tikznumberofcurrentchild=\count277
\tikz@fig@count=\count278

(C:\Users\shekh\AppData\Local\Programs\MiKTeX\tex/generic/pgf/modules\pgfmodule
matrix.code.tex
File: pgfmodulematrix.code.tex 2023-01-15 v3.1.10 (3.1.10)
\pgfmatrixcurrentrow=\count279
\pgfmatrixcurrentcolumn=\count280
\pgf@matrix@numberofcolumns=\count281
)
\tikz@expandcount=\count282

(C:\Users\shekh\AppData\Local\Programs\MiKTeX\tex/generic/pgf/frontendlayer/tik
z/libraries\tikzlibrarytopaths.code.tex
File: tikzlibrarytopaths.code.tex 2023-01-15 v3.1.10 (3.1.10)
)))
(C:\Users\shekh\AppData\Local\Programs\MiKTeX\tex/generic/pgf/frontendlayer/tik
z/libraries\tikzlibraryarrows.code.tex
File: tikzlibraryarrows.code.tex 2023-01-15 v3.1.10 (3.1.10)

(C:\Users\shekh\AppData\Local\Programs\MiKTeX\tex/generic/pgf/libraries\pgflibr
aryarrows.code.tex
File: pgflibraryarrows.code.tex 2023-01-15 v3.1.10 (3.1.10)
\arrowsize=\dimen260
))
(C:\Users\shekh\AppData\Local\Programs\MiKTeX\tex/generic/pgf/frontendlayer/tik
z/libraries\tikzlibrarycalc.code.tex
File: tikzlibrarycalc.code.tex 2023-01-15 v3.1.10 (3.1.10)
)
(C:\Users\shekh\AppData\Local\Programs\MiKTeX\tex/generic/pgf/frontendlayer/tik
z/libraries\tikzlibraryintersections.code.tex
(C:\Users\shekh\AppData\Local\Programs\MiKTeX\tex/generic/pgf/libraries\pgflibr
aryintersections.code.tex
(C:\Users\shekh\AppData\Local\Programs\MiKTeX\tex/generic/pgf/libraries\pgflibr
aryfpu.code.tex)
\pgf@intersect@solutions=\count283
))
(C:\Users\shekh\AppData\Local\Programs\MiKTeX\tex/generic/pgf/frontendlayer/tik
z/libraries\tikzlibrarydecorations.code.tex
(C:\Users\shekh\AppData\Local\Programs\MiKTeX\tex/generic/pgf/modules\pgfmodule
decorations.code.tex
\pgfdecoratedcompleteddistance=\dimen261
\pgfdecoratedremainingdistance=\dimen262
\pgfdecoratedinputsegmentcompleteddistance=\dimen263
\pgfdecoratedinputsegmentremainingdistance=\dimen264
\pgf@decorate@distancetomove=\dimen265
\pgf@decorate@repeatstate=\count284
\pgfdecorationsegmentamplitude=\dimen266
\pgfdecorationsegmentlength=\dimen267
)
\tikz@lib@dec@box=\box64
)
(C:\Users\shekh\AppData\Local\Programs\MiKTeX\tex/latex/pgfplots\pgfplots.sty
(C:\Users\shekh\AppData\Local\Programs\MiKTeX\tex/generic/pgfplots\pgfplots.rev
ision.tex)
Package: pgfplots 2021/05/15 v1.18.1 Data Visualization (1.18.1)

(C:\Users\shekh\AppData\Local\Programs\MiKTeX\tex/generic/pgfplots\pgfplots.cod
e.tex
(C:\Users\shekh\AppData\Local\Programs\MiKTeX\tex/generic/pgfplots\pgfplotscore
.code.tex
\t@pgfplots@toka=\toks38
\t@pgfplots@tokb=\toks39
\t@pgfplots@tokc=\toks40
\pgfplots@tmpa=\dimen268
\c@pgfplots@coordindex=\count285
\c@pgfplots@scanlineindex=\count286

(C:\Users\shekh\AppData\Local\Programs\MiKTeX\tex/generic/pgfplots/sys\pgfplots
sysgeneric.code.tex))
(C:\Users\shekh\AppData\Local\Programs\MiKTeX\tex/generic/pgfplots/libs\pgfplot
slibrary.code.tex)
(C:\Users\shekh\AppData\Local\Programs\MiKTeX\tex/generic/pgfplots/oldpgfcompat
ib\pgfplotsoldpgfsupp_loader.code.tex
Package pgfplots: loading complementary utilities for your pgf version...
\t@pgf@toka=\toks41
\t@pgf@tokb=\toks42
\t@pgf@tokc=\toks43

(C:\Users\shekh\AppData\Local\Programs\MiKTeX\tex/generic/pgfplots/oldpgfcompat
ib\pgfplotsoldpgfsupp_pgfutil-common-lists.tex))
(C:\Users\shekh\AppData\Local\Programs\MiKTeX\tex/generic/pgfplots/util\pgfplot
sutil.code.tex
(C:\Users\shekh\AppData\Local\Programs\MiKTeX\tex/generic/pgfplots/liststructur
e\pgfplotsliststructure.code.tex)
(C:\Users\shekh\AppData\Local\Programs\MiKTeX\tex/generic/pgfplots/liststructur
e\pgfplotsliststructureext.code.tex)
(C:\Users\shekh\AppData\Local\Programs\MiKTeX\tex/generic/pgfplots/liststructur
e\pgfplotsarray.code.tex
\c@pgfplotsarray@tmp=\count287
)
(C:\Users\shekh\AppData\Local\Programs\MiKTeX\tex/generic/pgfplots/liststructur
e\pgfplotsmatrix.code.tex)
(C:\Users\shekh\AppData\Local\Programs\MiKTeX\tex/generic/pgfplots/numtable\pgf
plotstableshared.code.tex
\c@pgfplotstable@counta=\count288
\t@pgfplotstable@a=\toks44
)
(C:\Users\shekh\AppData\Local\Programs\MiKTeX\tex/generic/pgfplots/liststructur
e\pgfplotsdeque.code.tex)
(C:\Users\shekh\AppData\Local\Programs\MiKTeX\tex/generic/pgfplots/util\pgfplot
sbinary.code.tex
(C:\Users\shekh\AppData\Local\Programs\MiKTeX\tex/generic/pgfplots/util\pgfplot
sbinary.data.code.tex))
(C:\Users\shekh\AppData\Local\Programs\MiKTeX\tex/generic/pgfplots/util\pgfplot
sutil.verb.code.tex)
(C:\Users\shekh\AppData\Local\Programs\MiKTeX\tex/generic/pgfplots/libs\pgflibr
arypgfplots.surfshading.code.tex
\c@pgfplotslibrarysurf@no=\count289

(C:\Users\shekh\AppData\Local\Programs\MiKTeX\tex/generic/pgfplots/sys\pgflibra
rypgfplots.surfshading.pgfsys-xetex.def
(C:\Users\shekh\AppData\Local\Programs\MiKTeX\tex/generic/pgfplots/sys\pgflibra
rypgfplots.surfshading.pgfsys-dvipdfmx.def
\c@pgfplotslibrarysurf@streamlen=\count290
))))
(C:\Users\shekh\AppData\Local\Programs\MiKTeX\tex/generic/pgfplots/util\pgfplot
scolormap.code.tex
(C:\Users\shekh\AppData\Local\Programs\MiKTeX\tex/generic/pgfplots/util\pgfplot
scolor.code.tex))
(C:\Users\shekh\AppData\Local\Programs\MiKTeX\tex/generic/pgfplots\pgfplotsstac
kedplots.code.tex)
(C:\Users\shekh\AppData\Local\Programs\MiKTeX\tex/generic/pgfplots\pgfplotsplot
handlers.code.tex
(C:\Users\shekh\AppData\Local\Programs\MiKTeX\tex/generic/pgfplots\pgfplotsmesh
plothandler.code.tex
(C:\Users\shekh\AppData\Local\Programs\MiKTeX\tex/generic/pgfplots\pgfplotsmesh
plotimage.code.tex)))
(C:\Users\shekh\AppData\Local\Programs\MiKTeX\tex/generic/pgfplots\pgfplots.sca
ling.code.tex)
(C:\Users\shekh\AppData\Local\Programs\MiKTeX\tex/generic/pgfplots\pgfplotscoor
dprocessing.code.tex)
(C:\Users\shekh\AppData\Local\Programs\MiKTeX\tex/generic/pgfplots\pgfplots.err
orbars.code.tex)
(C:\Users\shekh\AppData\Local\Programs\MiKTeX\tex/generic/pgfplots\pgfplots.mar
kers.code.tex)
(C:\Users\shekh\AppData\Local\Programs\MiKTeX\tex/generic/pgfplots\pgfplotstick
s.code.tex)
(C:\Users\shekh\AppData\Local\Programs\MiKTeX\tex/generic/pgfplots\pgfplots.pat
hs.code.tex)
(C:\Users\shekh\AppData\Local\Programs\MiKTeX\tex/generic/pgf/frontendlayer/tik
z/libraries\tikzlibrarydecorations.pathmorphing.code.tex
(C:\Users\shekh\AppData\Local\Programs\MiKTeX\tex/generic/pgf/libraries/decorat
ions\pgflibrarydecorations.pathmorphing.code.tex))
(C:\Users\shekh\AppData\Local\Programs\MiKTeX\tex/generic/pgf/frontendlayer/tik
z/libraries\tikzlibrarydecorations.pathreplacing.code.tex
(C:\Users\shekh\AppData\Local\Programs\MiKTeX\tex/generic/pgf/libraries/decorat
ions\pgflibrarydecorations.pathreplacing.code.tex))
(C:\Users\shekh\AppData\Local\Programs\MiKTeX\tex/generic/pgfplots/libs\tikzlib
rarypgfplots.contourlua.code.tex)
\pgfplots@numplots=\count291
\pgfplots@xmin@reg=\dimen269
\pgfplots@xmax@reg=\dimen270
\pgfplots@ymin@reg=\dimen271
\pgfplots@ymax@reg=\dimen272
\pgfplots@zmin@reg=\dimen273
\pgfplots@zmax@reg=\dimen274
)
(C:\Users\shekh\AppData\Local\Programs\MiKTeX\tex/generic/pgf/frontendlayer/tik
z/libraries\tikzlibraryplotmarks.code.tex
File: tikzlibraryplotmarks.code.tex 2023-01-15 v3.1.10 (3.1.10)

(C:\Users\shekh\AppData\Local\Programs\MiKTeX\tex/generic/pgf/libraries\pgflibr
aryplotmarks.code.tex
File: pgflibraryplotmarks.code.tex 2023-01-15 v3.1.10 (3.1.10)
)))
(C:\Users\shekh\AppData\Local\Programs\MiKTeX\tex/latex/bbm\bbm.sty
Package: bbm 1999/03/15 V 1.2 provides fonts for set symbols - TH
LaTeX Font Info:    Overwriting math alphabet `\mathbbm' in version `bold'
(Font)                  U/bbm/m/n --> U/bbm/bx/n on input line 33.
LaTeX Font Info:    Overwriting math alphabet `\mathbbmss' in version `bold'
(Font)                  U/bbmss/m/n --> U/bbmss/bx/n on input line 35.
)
(sphinxmanual.cls
Document Class: sphinxmanual 2019/12/01 v2.3.0 Document class (Sphinx manual)
(C:\Users\shekh\AppData\Local\Programs\MiKTeX\tex/latex/base\report.cls
Document Class: report 2023/05/17 v1.4n Standard LaTeX document class
(C:\Users\shekh\AppData\Local\Programs\MiKTeX\tex/latex/base\size10.clo
File: size10.clo 2023/05/17 v1.4n Standard LaTeX file (size option)
)
\c@part=\count292
\c@chapter=\count293
\c@section=\count294
\c@subsection=\count295
\c@subsubsection=\count296
\c@paragraph=\count297
\c@subparagraph=\count298
\c@figure=\count299
\c@table=\count300
\abovecaptionskip=\skip51
\belowcaptionskip=\skip52
\bibindent=\dimen275
)
LaTeX Info: Redefining \and on input line 35.
)
(C:\Users\shekh\AppData\Local\Programs\MiKTeX\tex/latex/changepage\changepage.s
ty
Package: changepage 2009/10/20 v1.0c check page and change page layout
\c@cp@cntr=\count301
\cp@tempcnt=\count302
))
\sphinxpxdimen=\dimen276
 (C:\Users\shekh\AppData\Local\Programs\MiKTeX\tex/latex/cmap\cmap.sty
Package: cmap 2021/02/06 v1.0j CMap support: searchable PDF


Package cmap Warning: pdftex not detected - exiting.

) (C:\Users\shekh\AppData\Local\Programs\MiKTeX\tex/latex/fontspec\fontspec.sty

(C:\Users\shekh\AppData\Local\Programs\MiKTeX\tex/latex/l3packages/xparse\xpars
e.sty
(C:\Users\shekh\AppData\Local\Programs\MiKTeX\tex/latex/l3kernel\expl3.sty
Package: expl3 2024-01-04 L3 programming layer (loader) 

(C:\Users\shekh\AppData\Local\Programs\MiKTeX\tex/latex/l3backend\l3backend-xet
ex.def
File: l3backend-xetex.def 2024-01-04 L3 backend support: XeTeX
\g__graphics_track_int=\count303
\l__pdf_internal_box=\box65
\g__pdf_backend_object_int=\count304
\g__pdf_backend_annotation_int=\count305
\g__pdf_backend_link_int=\count306
))
Package: xparse 2023-10-10 L3 Experimental document command parser
)
Package: fontspec 2022/01/15 v2.8a Font selection for XeLaTeX and LuaLaTeX

(C:\Users\shekh\AppData\Local\Programs\MiKTeX\tex/latex/fontspec\fontspec-xetex
.sty
Package: fontspec-xetex 2022/01/15 v2.8a Font selection for XeLaTeX and LuaLaTe
X
\l__fontspec_script_int=\count307
\l__fontspec_language_int=\count308
\l__fontspec_strnum_int=\count309
\l__fontspec_tmp_int=\count310
\l__fontspec_tmpa_int=\count311
\l__fontspec_tmpb_int=\count312
\l__fontspec_tmpc_int=\count313
\l__fontspec_em_int=\count314
\l__fontspec_emdef_int=\count315
\l__fontspec_strong_int=\count316
\l__fontspec_strongdef_int=\count317
\l__fontspec_tmpa_dim=\dimen277
\l__fontspec_tmpb_dim=\dimen278
\l__fontspec_tmpc_dim=\dimen279
 (C:\Users\shekh\AppData\Local\Programs\MiKTeX\tex/latex/base\fontenc.sty
Package: fontenc 2021/04/29 v2.0v Standard LaTeX package
)
(C:\Users\shekh\AppData\Local\Programs\MiKTeX\tex/latex/fontspec\fontspec.cfg))
)
(C:\Users\shekh\AppData\Local\Programs\MiKTeX\tex/latex/polyglossia\polyglossia
.sty
Package: polyglossia 2025/05/12 v2.5 Modern multilingual typesetting with XeLaT
eX and LuaLaTeX

(C:\Users\shekh\AppData\Local\Programs\MiKTeX\tex/latex/etoolbox\etoolbox.sty
Package: etoolbox 2020/10/05 v2.5k e-TeX tools for LaTeX (JAW)
\etb@tempcnta=\count318
)
(C:\Users\shekh\AppData\Local\Programs\MiKTeX\tex/generic/iftex\iftex.sty
Package: iftex 2022/02/03 v1.0f TeX engine tests
)
! Undefined control sequence.
l.403 \prop_new_linked:N
                         \l_xpg_langsetup_prop
? 
! Undefined control sequence.
l.403 \prop_new_linked:N \l_xpg_langsetup_prop
                                              
? 
! Undefined control sequence.
l.829 \prop_new_linked:N
                         \g__xpg_alias_prop
? 
! Undefined control sequence.
l.829 \prop_new_linked:N \g__xpg_alias_prop
                                           
? 
! Undefined control sequence.
l.1008 \prop_new_linked:N
                          \l_xpg_curropt_prop
? 
! Undefined control sequence.
l.1008 \prop_new_linked:N \l_xpg_curropt_prop
                                             
? 
\l_xpg_alias_keyvals_int=\count319

(C:\Users\shekh\AppData\Local\Programs\MiKTeX\tex/latex/polyglossia\gloss-latex
.ldf
File: gloss-latex.ldf polyglossia: module for default language

! Undefined control sequence.
<argument> \l_xpg_langsetup_prop 
                                 
l.15 }
      
? 
! Undefined control sequence.
<argument> \l_xpg_langsetup_prop 
                                 
l.15 }
      
? 
! Argument of \__prop_item:nnn has an extra }.
<inserted text> 
                \par 
l.15 }
      
? 
Runaway argument?
! Paragraph ended before \__prop_item:nnn was complete.
<to be read again> 
                   \par 
l.15 }
      
? 
! Argument of \__prop_item:nnn has an extra }.
<inserted text> 
                \par 
l.15 }
      
? 
Runaway argument?
! Paragraph ended before \__prop_item:nnn was complete.
<to be read again> 
                   \par 
l.15 }
      
? 
! Argument of \__prop_item:nnn has an extra }.
<inserted text> 
                \par 
l.15 }
      
? 
Runaway argument?
! Paragraph ended before \__prop_item:nnn was complete.
<to be read again> 
                   \par 
l.15 }
      
? 
! Argument of \__prop_item:nnn has an extra }.
<inserted text> 
                \par 
l.15 }
      
? 
Runaway argument?
! Paragraph ended before \__prop_item:nnn was complete.
<to be read again> 
                   \par 
l.15 }
      
? 
! Argument of \__prop_item:nnn has an extra }.
<inserted text> 
                \par 
l.15 }
      
? 
Runaway argument?
! Paragraph ended before \__prop_item:nnn was complete.
<to be read again> 
                   \par 
l.15 }
      
? 
! Argument of \__prop_item:nnn has an extra }.
<inserted text> 
                \par 
l.15 }
      
? 
Runaway argument?
! Paragraph ended before \__prop_item:nnn was complete.
<to be read again> 
                   \par 
l.15 }
      
? 
! Argument of \__prop_item:nnn has an extra }.
<inserted text> 
                \par 
l.15 }
      
? 
Runaway argument?
! Paragraph ended before \__prop_item:nnn was complete.
<to be read again> 
                   \par 
l.15 }
      
? 
! Argument of \__prop_item:nnn has an extra }.
<inserted text> 
                \par 
l.15 }
      
? 
Runaway argument?
! Paragraph ended before \__prop_item:nnn was complete.
<to be read again> 
                   \par 
l.15 }
      
? 
! Argument of \__prop_item:nnn has an extra }.
<inserted text> 
                \par 
l.15 }
      
? 
Runaway argument?
! Paragraph ended before \__prop_item:nnn was complete.
<to be read again> 
                   \par 
l.15 }
      
? 
! Argument of \__prop_item:nnn has an extra }.
<inserted text> 
                \par 
l.15 }
      
? 
Runaway argument?
! Paragraph ended before \__prop_item:nnn was complete.
<to be read again> 
                   \par 
l.15 }
      
? 
! Argument of \__prop_item:nnn has an extra }.
<inserted text> 
                \par 
l.15 }
      
? 
Runaway argument?
! Paragraph ended before \__prop_item:nnn was complete.
<to be read again> 
                   \par 
l.15 }
      
? 
! Argument of \__prop_item:nnn has an extra }.
<inserted text> 
                \par 
l.15 }
      
? 
Runaway argument?
! Paragraph ended before \__prop_item:nnn was complete.
<to be read again> 
                   \par 
l.15 }
      
? 
! Argument of \__prop_item:nnn has an extra }.
<inserted text> 
                \par 
l.15 }
      
? 
Runaway argument?
! Paragraph ended before \__prop_item:nnn was complete.
<to be read again> 
                   \par 
l.15 }
      
? 
! Argument of \__prop_item:nnn has an extra }.
<inserted text> 
                \par 
l.15 }
      
? 
Runaway argument?
! Paragraph ended before \__prop_item:nnn was complete.
<to be read again> 
                   \par 
l.15 }
      
? 
! Argument of \__prop_item:nnn has an extra }.
<inserted text> 
                \par 
l.15 }
      
? 
Runaway argument?
! Paragraph ended before \__prop_item:nnn was complete.
<to be read again> 
                   \par 
l.15 }
      
? 
! Argument of \__prop_item:nnn has an extra }.
<inserted text> 
                \par 
l.15 }
      
? 
Runaway argument?
! Paragraph ended before \__prop_item:nnn was complete.
<to be read again> 
                   \par 
l.15 }
      
? 
! Missing \endcsname inserted.
<to be read again> 
                   \scan_stop: 
l.15 }
      
? 

Package polyglossia Warning: No hyphenation patterns were loaded for `latex'
(polyglossia)                I will use \language=\l@nohyphenation instead.

\l@latex = a dialect from \language\l@nohyphenation 
! Argument of \__prop_item:nnn has an extra }.
<inserted text> 
                \par 
l.15 }
      
? 
Runaway argument?
! Paragraph ended before \__prop_item:nnn was complete.
<to be read again> 
                   \par 
l.15 }
      
? 
! Argument of \__prop_item:nnn has an extra }.
<inserted text> 
                \par 
l.15 }
      
? 
Runaway argument?
! Paragraph ended before \__prop_item:nnn was complete.
<to be read again> 
                   \par 
l.15 }
      
? 
! Argument of \__prop_item:nnn has an extra }.
<inserted text> 
                \par 
l.15 }
      
? 
Runaway argument?
! Paragraph ended before \__prop_item:nnn was complete.
<to be read again> 
                   \par 
l.15 }
      
? 
! Argument of \__prop_item:nnn has an extra }.
<inserted text> 
                \par 
l.15 }
      
? 
Runaway argument?
! Paragraph ended before \__prop_item:nnn was complete.
<to be read again> 
                   \par 
l.15 }
      
? 
! Argument of \__prop_item:nnn has an extra }.
<inserted text> 
                \par 
l.15 }
      
? 
Runaway argument?
! Paragraph ended before \__prop_item:nnn was complete.
<to be read again> 
                   \par 
l.15 }
      
? 
! Argument of \__prop_item:nnn has an extra }.
<inserted text> 
                \par 
l.15 }
      
? 
Runaway argument?
! Paragraph ended before \__prop_item:nnn was complete.
<to be read again> 
                   \par 
l.15 }
      
? 
! Argument of \__prop_item:nnn has an extra }.
<inserted text> 
                \par 
l.15 }
      
? 
Runaway argument?
! Paragraph ended before \__prop_item:nnn was complete.
<to be read again> 
                   \par 
l.15 }
      
? 
! Argument of \__prop_item:nnn has an extra }.
<inserted text> 
                \par 
l.15 }
      
? 
Runaway argument?
! Paragraph ended before \__prop_item:nnn was complete.
<to be read again> 
                   \par 
l.15 }
      
? 
! Argument of \__prop_item:nnn has an extra }.
<inserted text> 
                \par 
l.15 }
      
? 
Runaway argument?
! Paragraph ended before \__prop_item:nnn was complete.
<to be read again> 
                   \par 
l.15 }
      
? 
! Argument of \__prop_item:nnn has an extra }.
<inserted text> 
                \par 
l.15 }
      
? 
Runaway argument?
! Paragraph ended before \__prop_item:nnn was complete.
<to be read again> 
                   \par 
l.15 }
      
? 
! Argument of \__prop_item:nnn has an extra }.
<inserted text> 
                \par 
l.15 }
      
? 
Runaway argument?
! Paragraph ended before \__prop_item:nnn was complete.
<to be read again> 
                   \par 
l.15 }
      
? 
! Argument of \__prop_item:nnn has an extra }.
<inserted text> 
                \par 
l.15 }
      
? 
Runaway argument?
! Paragraph ended before \__prop_item:nnn was complete.
<to be read again> 
                   \par 
l.15 }
      
? 
! Argument of \__prop_item:nnn has an extra }.
<inserted text> 
                \par 
l.15 }
      
? 
Runaway argument?
! Paragraph ended before \__prop_item:nnn was complete.
<to be read again> 
                   \par 
l.15 }
      
? 
! Argument of \__prop_item:nnn has an extra }.
<inserted text> 
                \par 
l.15 }
      
? 
Runaway argument?
! Paragraph ended before \__prop_item:nnn was complete.
<to be read again> 
                   \par 
l.15 }
      
? 
! Argument of \__prop_item:nnn has an extra }.
<inserted text> 
                \par 
l.15 }
      
? 
Runaway argument?
! Paragraph ended before \__prop_item:nnn was complete.
<to be read again> 
                   \par 
l.15 }
      
? 
! Argument of \__prop_item:nnn has an extra }.
<inserted text> 
                \par 
l.15 }
      
? 
Runaway argument?
! Paragraph ended before \__prop_item:nnn was complete.
<to be read again> 
                   \par 
l.15 }
      
? 
! Undefined control sequence.
<argument> \g__xpg_alias_prop 
                              
l.15 }
      
? 
! Undefined control sequence.
<argument> \g__xpg_alias_prop 
                              
l.15 }
      
? 
! Undefined control sequence.
<argument> \g__xpg_alias_prop 
                              
l.15 }
      
? 
! Undefined control sequence.
<argument> \g__xpg_alias_prop 
                              
l.15 }
      
? 
! Undefined control sequence.
<argument> \g__xpg_alias_prop 
                              
l.15 }
      
? 
! Undefined control sequence.
<argument> \g__xpg_alias_prop 
                              
l.15 }
      
? 
! Undefined control sequence.
<argument> \g__xpg_alias_prop 
                              
l.15 }
      
? 
)
! Undefined control sequence.
<argument> \l_xpg_curropt_prop 
                               
l.1925 \setmainlanguage{latex}
                              
? 
! Argument of \__prop_map_tokens:nw has an extra }.
<inserted text> 
                \par 
l.1925 \setmainlanguage{latex}
                              
? 
Runaway argument?
{}\prg_break_point:Nn \prop_map_break: {}
! Paragraph ended before \__prop_map_tokens:nw was complete.
<to be read again> 
                   \par 
l.1925 \setmainlanguage{latex}
                              
? 
! Argument of \__prop_item:nnn has an extra }.
<inserted text> 
                \par 
l.1925 \setmainlanguage{latex}
                              
? 
Runaway argument?
! Paragraph ended before \__prop_item:nnn was complete.
<to be read again> 
                   \par 
l.1925 \setmainlanguage{latex}
                              
? 
! Argument of \__prop_item:nnn has an extra }.
<inserted text> 
                \par 
l.1925 \setmainlanguage{latex}
                              
? 
Runaway argument?
! Paragraph ended before \__prop_item:nnn was complete.
<to be read again> 
                   \par 
l.1925 \setmainlanguage{latex}
                              
? 
! Argument of \__prop_item:nnn has an extra }.
<inserted text> 
                \par 
l.1925 \setmainlanguage{latex}
                              
? 
Runaway argument?
! Paragraph ended before \__prop_item:nnn was complete.
<to be read again> 
                   \par 
l.1925 \setmainlanguage{latex}
                              
? 
! Argument of \__prop_item:nnn has an extra }.
<inserted text> 
                \par 
l.1925 \setmainlanguage{latex}
                              
? 
Runaway argument?
! Paragraph ended before \__prop_item:nnn was complete.
<to be read again> 
                   \par 
l.1925 \setmainlanguage{latex}
                              
? 
! Argument of \__prop_item:nnn has an extra }.
<inserted text> 
                \par 
l.1925 \setmainlanguage{latex}
                              
? 
Runaway argument?
! Paragraph ended before \__prop_item:nnn was complete.
<to be read again> 
                   \par 
l.1925 \setmainlanguage{latex}
                              
? 
! Argument of \__prop_item:nnn has an extra }.
<inserted text> 
                \par 
l.1925 \setmainlanguage{latex}
                              
? 
Runaway argument?
! Paragraph ended before \__prop_item:nnn was complete.
<to be read again> 
                   \par 
l.1925 \setmainlanguage{latex}
                              
? 
! Argument of \__prop_item:nnn has an extra }.
<inserted text> 
                \par 
l.1925 \setmainlanguage{latex}
                              
? 
Runaway argument?
! Paragraph ended before \__prop_item:nnn was complete.
<to be read again> 
                   \par 
l.1925 \setmainlanguage{latex}
                              
? 
! Argument of \__prop_item:nnn has an extra }.
<inserted text> 
                \par 
l.1925 \setmainlanguage{latex}
                              
? 
Runaway argument?
! Paragraph ended before \__prop_item:nnn was complete.
<to be read again> 
                   \par 
l.1925 \setmainlanguage{latex}
                              
? 
! Argument of \__prop_item:nnn has an extra }.
<inserted text> 
                \par 
l.1925 \setmainlanguage{latex}
                              
? 
Runaway argument?
! Paragraph ended before \__prop_item:nnn was complete.
<to be read again> 
                   \par 
l.1925 \setmainlanguage{latex}
                              
? 
! Argument of \__prop_item:nnn has an extra }.
<inserted text> 
                \par 
l.1925 \setmainlanguage{latex}
                              
? 
Runaway argument?
! Paragraph ended before \__prop_item:nnn was complete.
<to be read again> 
                   \par 
l.1925 \setmainlanguage{latex}
                              
? 
! Argument of \__prop_item:nnn has an extra }.
<inserted text> 
                \par 
l.1925 \setmainlanguage{latex}
                              
? 
Runaway argument?
! Paragraph ended before \__prop_item:nnn was complete.
<to be read again> 
                   \par 
l.1925 \setmainlanguage{latex}
                              
? 
! Argument of \__prop_item:nnn has an extra }.
<inserted text> 
                \par 
l.1925 \setmainlanguage{latex}
                              
? 
Runaway argument?
! Paragraph ended before \__prop_item:nnn was complete.
<to be read again> 
                   \par 
l.1925 \setmainlanguage{latex}
                              
? 
! Argument of \__prop_item:nnn has an extra }.
<inserted text> 
                \par 
l.1925 \setmainlanguage{latex}
                              
? 
Runaway argument?
! Paragraph ended before \__prop_item:nnn was complete.
<to be read again> 
                   \par 
l.1925 \setmainlanguage{latex}
                              
? 
! Argument of \__prop_item:nnn has an extra }.
<inserted text> 
                \par 
l.1925 \setmainlanguage{latex}
                              
? 
Runaway argument?
! Paragraph ended before \__prop_item:nnn was complete.
<to be read again> 
                   \par 
l.1925 \setmainlanguage{latex}
                              
? 
! Argument of \__prop_item:nnn has an extra }.
<inserted text> 
                \par 
l.1925 \setmainlanguage{latex}
                              
? 
Runaway argument?
! Paragraph ended before \__prop_item:nnn was complete.
<to be read again> 
                   \par 
l.1925 \setmainlanguage{latex}
                              
? 
! Argument of \__prop_item:nnn has an extra }.
<inserted text> 
                \par 
l.1925 \setmainlanguage{latex}
                              
? 
Runaway argument?
! Paragraph ended before \__prop_item:nnn was complete.
<to be read again> 
                   \par 
l.1925 \setmainlanguage{latex}
                              
? 

Package polyglossia Info: Default language is 

)
(C:\Users\shekh\AppData\Local\Programs\MiKTeX\tex/latex/polyglossia\gloss-engli
sh.ldf
File: gloss-english.ldf polyglossia: module for English

! Argument of \__prop_item:nnn has an extra }.
<inserted text> 
                \par 
l.14 }
      
? 
Runaway argument?
! Paragraph ended before \__prop_item:nnn was complete.
<to be read again> 
                   \par 
l.14 }
      
? 
! Argument of \__prop_item:nnn has an extra }.
<inserted text> 
                \par 
l.14 }
      
? 
Runaway argument?
! Paragraph ended before \__prop_item:nnn was complete.
<to be read again> 
                   \par 
l.14 }
      
? 
! Argument of \__prop_item:nnn has an extra }.
<inserted text> 
                \par 
l.14 }
      
? 
Runaway argument?
! Paragraph ended before \__prop_item:nnn was complete.
<to be read again> 
                   \par 
l.14 }
      
? 
! Argument of \__prop_item:nnn has an extra }.
<inserted text> 
                \par 
l.14 }
      
? 
Runaway argument?
! Paragraph ended before \__prop_item:nnn was complete.
<to be read again> 
                   \par 
l.14 }
      
? 
! Argument of \__prop_item:nnn has an extra }.
<inserted text> 
                \par 
l.14 }
      
? 
Runaway argument?
! Paragraph ended before \__prop_item:nnn was complete.
<to be read again> 
                   \par 
l.14 }
      
? 
! Argument of \__prop_item:nnn has an extra }.
<inserted text> 
                \par 
l.14 }
      
? 
Runaway argument?
! Paragraph ended before \__prop_item:nnn was complete.
<to be read again> 
                   \par 
l.14 }
      
? 
! Argument of \__prop_item:nnn has an extra }.
<inserted text> 
                \par 
l.14 }
      
? 
Runaway argument?
! Paragraph ended before \__prop_item:nnn was complete.
<to be read again> 
                   \par 
l.14 }
      
? 
! Argument of \__prop_item:nnn has an extra }.
<inserted text> 
                \par 
l.14 }
      
? 
Runaway argument?
! Paragraph ended before \__prop_item:nnn was complete.
<to be read again> 
                   \par 
l.14 }
      
? 
! Argument of \__prop_item:nnn has an extra }.
<inserted text> 
                \par 
l.14 }
      
? 
Runaway argument?
! Paragraph ended before \__prop_item:nnn was complete.
<to be read again> 
                   \par 
l.14 }
      
? 
! Argument of \__prop_item:nnn has an extra }.
<inserted text> 
                \par 
l.14 }
      
? 
Runaway argument?
! Paragraph ended before \__prop_item:nnn was complete.
<to be